{
  "uid" : "f597f71234a95313",
  "name" : "createcontactwithlastnametest",
  "fullName" : "createcontactwithlastname.createcontactwithlastnametest",
  "historyId" : "f778b55aa2299bd503c6480e59d4c96b",
  "time" : {
    "start" : 1649409960543,
    "stop" : 1649409999759,
    "duration" : 39216
  },
  "description" : "",
  "descriptionHtml" : "",
  "status" : "broken",
  "statusMessage" : "failed",
  "statusTrace" : "AssertionError: failed\n                    at Context.<anonymous> (C:\\Users\\user\\Desktop\\webdriverio\\test\\specs\\ContactTests\\createcontactwithlastname.js:19:22)\n                    at processTicksAndRejections (node:internal/process/task_queues:96:5)",
  "flaky" : false,
  "newFailed" : false,
  "newBroken" : false,
  "newPassed" : false,
  "retriesCount" : 2,
  "retriesStatusChange" : true,
  "beforeStages" : [ ],
  "testStage" : {
    "status" : "broken",
    "statusMessage" : "failed",
    "statusTrace" : "AssertionError: failed\n                    at Context.<anonymous> (C:\\Users\\user\\Desktop\\webdriverio\\test\\specs\\ContactTests\\createcontactwithlastname.js:19:22)\n                    at processTicksAndRejections (node:internal/process/task_queues:96:5)",
    "steps" : [ ],
    "attachments" : [ {
      "uid" : "60979c54887f2d4",
      "name" : "Screenshot",
      "source" : "60979c54887f2d4.png",
      "type" : "image/png",
      "size" : 148851
    } ],
    "parameters" : [ ],
    "attachmentsCount" : 1,
    "shouldDisplayMessage" : true,
    "stepsCount" : 0,
    "hasContent" : true
  },
  "afterStages" : [ ],
  "labels" : [ {
    "name" : "framework",
    "value" : "wdio"
  }, {
    "name" : "language",
    "value" : "javascript"
  }, {
    "name" : "thread",
    "value" : "0-0"
  }, {
    "name" : "suite",
    "value" : "createcontactwithlastname"
  }, {
    "name" : "testClass",
    "value" : "createcontactwithlastname"
  }, {
    "name" : "testMethod",
    "value" : "createcontactwithlastnametest"
  }, {
    "name" : "package",
    "value" : "createcontactwithlastname"
  }, {
    "name" : "resultFormat",
    "value" : "allure1"
  } ],
  "parameters" : [ {
    "name" : "browser",
    "value" : "chrome-100.0.4896.75"
  } ],
  "links" : [ ],
  "hidden" : false,
  "retry" : false,
  "extra" : {
    "severity" : "normal",
    "retries" : [ {
      "uid" : "c4dd4e8aedc942f1",
      "status" : "broken",
      "statusDetails" : "Timeout of 60000ms exceeded. The execution in the test \"createcontactwithlastname createcontactwithlastnametest\" took too long. Try to reduce the run time or increase your timeout for test specs (https://webdriver.io/docs/timeouts). (C:\\Users\\user\\Desktop\\webdriverio\\test\\specs\\ContactTests\\createcontactwithlastname.js)",
      "time" : {
        "start" : 1649409761069,
        "stop" : 1649409821083,
        "duration" : 60014
      }
    }, {
      "uid" : "d918904e9ef8058d",
      "status" : "passed",
      "time" : {
        "start" : 1649403835449,
        "stop" : 1649403875126,
        "duration" : 39677
      }
    } ],
    "categories" : [ {
      "name" : "Test defects",
      "matchedStatuses" : [ ],
      "flaky" : false
    } ],
    "tags" : [ ]
  },
  "source" : "f597f71234a95313.json",
  "parameterValues" : [ "chrome-100.0.4896.75" ]
}